<?xml version="1.0" encoding="UTF-8"?>
<testsuite name="ohtu.KauppaTest" tests="6" skipped="0" failures="0" errors="0" timestamp="2020-11-23T14:05:32" hostname="dx6-exacb123-2" time="0.31">
  <properties/>
  <testcase name="kutsutaanPankkiaOikeallaTilinumerollaJaSummalla" classname="ohtu.KauppaTest" time="0.301"/>
  <testcase name="pyydetaanUusiViiteJokaiseenMaksuun" classname="ohtu.KauppaTest" time="0.001"/>
  <testcase name="kutsutaanPankkiaOikeallaTilinumerolla" classname="ohtu.KauppaTest" time="0.001"/>
  <testcase name="kaytetaanMaksussaPalautettuaViiteta" classname="ohtu.KauppaTest" time="0.003"/>
  <testcase name="kaytetaanPerakkaistenViitekutsujenArvoja" classname="ohtu.KauppaTest" time="0.002"/>
  <testcase name="kutsutaanPankkia" classname="ohtu.KauppaTest" time="0.001"/>
  <system-out><![CDATA[]]></system-out>
  <system-err><![CDATA[]]></system-err>
</testsuite>
